
       .d88888b.                             888b     d888  .d8888b.
      d88P" "Y88b                            8888b   d8888 d88P  Y88b
      888     888                            88888b.d88888 888    888
      888     888 88888b.   .d88b.  88888b.  888Y88888P888 888       
      888     888 888 "88b d8P  Y8b 888 "88b 888 Y888P 888 888       
      888     888 888  888 88888888 888  888 888  Y8P  888 888    888
      Y88b. .d88P 888 d88P Y8b.     888  888 888   "   888 Y88b  d88P
       "Y88888P"  88888P"   "Y8888  888  888 888       888  "Y8888P"
__________________888______________________________________________________
                  888
                  888

      Copyright:     2011-2013 Massachusetts Institute of Technology
      License:       http://mit-crpg.github.io/openmc/license.html
      Version:       0.5.3
      Date/Time:     2014-04-17 20:42:45

 ===========================================================================
 ========================>     INITIALIZATION     <=========================
 ===========================================================================

 Reading settings XML file...
 Reading cross sections XML file...
 Reading geometry XML file...
 Reading materials XML file...
 Building neighboring cells lists for each surface...
 Loading ACE cross section table: 92235.70c
 Success from initialzie::allocate_banks(), fission_bank was not already allocated on TID=1          
 Success from initalize::allocate_banks(), allocate(fission bank...) succeeded on TID=1          , STAT=0          , alloc_size=15                   
 Error in initialize::allocate_banks(), fission_bank already allocated on TID=1          
 Error in initalize::allocate_banks(), allocate(fission bank...) failed on TID=1          , STAT=2          , alloc_size=15                   
 Initializing source particles...

 ===========================================================================
 ====================>     K EIGENVALUE SIMULATION     <====================
 ===========================================================================

  Bat./Gen.      k            Average k      
  =========   ========   ====================
 Size of fission bank is  15
 Size of fission bank is  15
